Build started 2/9/2012 12:26:45 PM.
     1>Project "C:\Users\linda\Dropbox\Computer_Science_II\Course_Code\GameOfLife\GameOfLife\GameOfLife.vcxproj" on node 2 (build target(s)).
     1>InitializeBuildStatus:
         Creating "Debug\GameOfLife.unsuccessfulbuild" because "AlwaysCreate" was specified.
       ClCompile:
         C:\Program Files (x86)\Microsoft Visual Studio 10.0\VC\bin\CL.exe /c /ZI /nologo /W3 /WX- /Od /Oy- /D _MBCS /Gm /EHsc /RTC1 /MDd /GS /fp:precise /Zc:wchar_t /Zc:forScope /Fo"Debug\\" /Fd"Debug\vc100.pdb" /Gd /TP /analyze- /errorReport:prompt LifeClass.cpp main.cpp
         main.cpp
         LifeClass.cpp
         Generating Code...
       Link:
         C:\Program Files (x86)\Microsoft Visual Studio 10.0\VC\bin\link.exe /ERRORREPORT:PROMPT /OUT:"C:\Users\linda\Dropbox\Computer_Science_II\Course_Code\GameOfLife\Debug\GameOfLife.exe" /NOLOGO kernel32.lib user32.lib gdi32.lib winspool.lib comdlg32.lib advapi32.lib shell32.lib ole32.lib oleaut32.lib uuid.lib odbc32.lib odbccp32.lib /MANIFEST /ManifestFile:"Debug\GameOfLife.exe.intermediate.manifest" /MANIFESTUAC:"level='asInvoker' uiAccess='false'" /DEBUG /PDB:"C:\Users\linda\Dropbox\Computer_Science_II\Course_Code\GameOfLife\Debug\GameOfLife.pdb" /TLBID:1 /DYNAMICBASE /NXCOMPAT /IMPLIB:"C:\Users\linda\Dropbox\Computer_Science_II\Course_Code\GameOfLife\Debug\GameOfLife.lib" /MACHINE:X86 Debug\LifeClass.obj
         Debug\main.obj
         GameOfLife.vcxproj -> C:\Users\linda\Dropbox\Computer_Science_II\Course_Code\GameOfLife\Debug\GameOfLife.exe
       Manifest:
         C:\Program Files (x86)\Microsoft SDKs\Windows\v7.0A\bin\mt.exe /nologo /verbose /outputresource:"C:\Users\linda\Dropbox\Computer_Science_II\Course_Code\GameOfLife\Debug\GameOfLife.exe;#1" /manifest Debug\GameOfLife.exe.intermediate.manifest
       FinalizeBuildStatus:
         Deleting file "Debug\GameOfLife.unsuccessfulbuild".
         Touching "Debug\GameOfLife.lastbuildstate".
     1>Done Building Project "C:\Users\linda\Dropbox\Computer_Science_II\Course_Code\GameOfLife\GameOfLife\GameOfLife.vcxproj" (build target(s)).

Build succeeded.

Time Elapsed 00:00:09.97
